T1C2C 644:724.968   SEGGER J-Link V7.52a Log File
T1C2C 644:725.019   DLL Compiled: Jul 28 2021 11:08:12
T1C2C 644:725.033   Logging started @ 2026-03-03 08:18
T1C2C 644:725.046 - 1523.184ms
T1C2C 644:728.708 JLINK_ExecCommand("Device = AT91SAM4S8B", ...). 
T1C2C 644:729.026   Device "ATSAM4S8B" selected.
T1C2C 644:729.285 - 0.596ms returns 0x00
T1C2C 644:735.506 JLINK_TIF_Select(JLINKARM_TIF_SWD)
T1C2C 644:736.006 - 0.529ms returns 0x00
T1C2C 644:736.047 JLINK_SetSpeed(4000)
T1C2C 644:736.105 - 0.065ms
T1C2C 644:736.120 JLINK_ResetPullsRESET(OFF)
T1C2C 644:736.133 - 0.018ms
T1C2C 644:736.147 JLINK_Connect()
T1C2C 644:737.116   Found SW-DP with ID 0x2BA01477
T1C2C 644:739.952   DPIDR: 0x2BA01477
T1C2C 644:740.059   Scanning AP map to find all available APs
T1C2C 644:740.656   AP[1]: Stopped AP scan as end of AP map has been reached
T1C2C 644:740.674   AP[0]: AHB-AP (IDR: 0x24770011)
T1C2C 644:740.709   Iterating through AP map to find AHB-AP to use
T1C2C 644:741.473   AP[0]: Core found
T1C2C 644:741.487   AP[0]: AHB-AP ROM base: 0xE00FF000
T1C2C 644:742.091   CPUID register: 0x410FC241. Implementer code: 0x41 (ARM)
T1C2C 644:742.151   Found Cortex-M4 r0p1, Little endian.
T1C2C 644:843.483   -- Max. mem block: 0x00002B50
T1C2C 644:843.597   CPU_ReadMem(4 bytes @ 0xE000EDF0)
T1C2C 644:843.989   CPU_WriteMem(4 bytes @ 0xE000EDF0)
T1C2C 644:844.306   CPU_ReadMem(4 bytes @ 0xE0002000)
T1C2C 644:844.675   FPUnit: 6 code (BP) slots and 2 literal slots
T1C2C 644:844.769   CPU_ReadMem(4 bytes @ 0xE000EDFC)
T1C2C 644:845.112   CPU_WriteMem(4 bytes @ 0xE000EDFC)
T1C2C 644:845.429   CPU_ReadMem(4 bytes @ 0xE0001000)
T1C2C 644:845.891   CPU_WriteMem(4 bytes @ 0xE0001000)
T1C2C 644:846.184   CPU_ReadMem(4 bytes @ 0xE000ED88)
T1C2C 644:846.471   CPU_WriteMem(4 bytes @ 0xE000ED88)
T1C2C 644:846.765   CPU_ReadMem(4 bytes @ 0xE000ED88)
T1C2C 644:847.047   CPU_WriteMem(4 bytes @ 0xE000ED88)
T1C2C 644:847.370   CoreSight components:
T1C2C 644:847.386   ROMTbl[0] @ E00FF000
T1C2C 644:847.393   CPU_ReadMem(64 bytes @ 0xE00FF000)
T1C2C 644:849.032   CPU_ReadMem(32 bytes @ 0xE000EFE0)
T1C2C 644:849.588   ROMTbl[0][0]: E000E000, CID: B105E00D, PID: 000BB000 SCS
T1C2C 644:849.600   CPU_ReadMem(32 bytes @ 0xE0001FE0)
T1C2C 644:850.168   ROMTbl[0][1]: E0001000, CID: B105E00D, PID: 003BB002 DWT
T1C2C 644:850.258   CPU_ReadMem(32 bytes @ 0xE0002FE0)
T1C2C 644:850.778   ROMTbl[0][2]: E0002000, CID: B105E00D, PID: 002BB003 FPB
T1C2C 644:850.788   CPU_ReadMem(32 bytes @ 0xE0000FE0)
T1C2C 644:851.345   ROMTbl[0][3]: E0000000, CID: B105E00D, PID: 003BB001 ITM
T1C2C 644:851.438   CPU_ReadMem(32 bytes @ 0xE0040FE0)
T1C2C 644:851.992   ROMTbl[0][4]: E0040000, CID: B105900D, PID: 000BB9A1 TPIU
T1C2C 644:852.015 - 115.872ms returns 0x00
T1C2C 644:852.726 JLINK_Halt()
T1C2C 644:855.519 - 2.804ms returns 0x00
T1C2C 644:855.620 JLINK_BeginDownload(Flags = 0x00000000)
T1C2C 644:855.626 - 0.008ms
T1C2C 644:855.639 JLINK_WriteMem(0x400E0A04, 0x4 Bytes, ...)
T1C2C 644:855.645   Data:  0B 01 00 5A
T1C2C 644:855.996   CPU_WriteMem(4 bytes @ 0x400E0A04)
T1C2C 644:856.298 - 0.663ms returns 0x4
T1C2C 644:856.330 JLINK_EndDownload()
T1C2C 644:856.338 - 0.009ms returns 0 (0x0)
T1C2C 644:856.343 JLINK_ReadMemHW(0x400E0A08, 0x0004 Bytes, ...)
T1C2C 644:856.351   CPU_ReadMem(4 bytes @ 0x400E0A08)
T1C2C 644:856.645   Data:  01 00 00 00
T1C2C 644:856.653 - 0.312ms returns 0
T1C2C 644:856.672 JLINK_SetResetType(JLINKARM_CM3_RESET_TYPE_NORMAL)
T1C2C 644:856.677 - 0.007ms returns JLINKARM_CM3_RESET_TYPE_NORMAL
T1C2C 644:856.684 JLINK_Reset()
T1C2C 644:856.940   CPU_ReadMem(16 bytes @ 0x20000000)
T1C2C 644:857.287   CPU_WriteMem(16 bytes @ 0x20000000)
T1C2C 644:857.730   CPU_ReadMem(4 bytes @ 0xE000EDFC)
T1C2C 644:858.160   CPU_WriteMem(4 bytes @ 0xE000EDFC)
T1C2C 644:858.479   CPU_ReadMem(4 bytes @ 0xE0001000)
T1C2C 644:872.819   CPU_WriteMem(4 bytes @ 0xE000EDFC)
T1C2C 644:873.158   CPU_WriteMem(16 bytes @ 0x20000000)
T1C2C 644:876.414   CPU_WriteMem(4 bytes @ 0xE0002000)
T1C2C 644:876.797   CPU_ReadMem(4 bytes @ 0xE000EDFC)
T1C2C 644:877.193   CPU_ReadMem(4 bytes @ 0xE0001000)
T1C2C 644:877.489 - 20.812ms
T1C2C 644:878.406 JLINK_JTAG_GetDeviceID(DeviceIndex = 0)
T1C2C 644:878.415 - 0.011ms returns 0
T1C2C 644:878.422 JLINK_ReadMemU32(0x400E0740, 0x1 Items)
T1C2C 644:878.437   CPU_ReadMem(4 bytes @ 0x400E0740)
T1C2C 644:878.719   Data:  E0 0A 9C 28
T1C2C 644:878.727 - 0.307ms returns 1 (0x1)
T1C2C 644:879.006 JLINK_ReadMemU32(0x400E0744, 0x1 Items)
T1C2C 644:879.025   CPU_ReadMem(4 bytes @ 0x400E0744)
T1C2C 644:879.290   Data:  00 00 00 00
T1C2C 644:879.300 - 0.296ms returns 1 (0x1)
T1C2C 644:879.651 JLINK_BeginDownload(Flags = 0x00000000)
T1C2C 644:879.659 - 0.010ms
T1C2C 644:879.701 JLINK_WriteMem(0x400E0A04, 0x4 Bytes, ...)
T1C2C 644:879.710   Data:  05 00 00 5A
T1C2C 644:879.725   CPU_WriteMem(4 bytes @ 0x400E0A04)
T1C2C 644:880.014 - 0.316ms returns 0x4
T1C2C 644:880.038 JLINK_EndDownload()
T1C2C 644:880.045 - 0.009ms returns 0 (0x0)
T1C2C 644:880.051 JLINK_ReadMemHW(0x400E0A08, 0x0004 Bytes, ...)
T1C2C 644:880.058   CPU_ReadMem(4 bytes @ 0x400E0A08)
T1C2C 644:880.338   Data:  00 00 00 00
T1C2C 644:880.347 - 0.298ms returns 0
T1C2C 644:883.112 JLINK_ReadMemHW(0x400E0A08, 0x0004 Bytes, ...)
T1C2C 644:883.128   CPU_ReadMem(4 bytes @ 0x400E0A08)
T1C2C 644:883.440   Data:  00 00 00 00
T1C2C 644:883.448 - 0.338ms returns 0
T1B04 644:887.661 JLINK_IsHalted()
T1B04 644:887.687 - 0.028ms returns TRUE
T1C2C 644:887.694 JLINK_ReadMemHW(0x400E0A08, 0x0004 Bytes, ...)
T1C2C 644:887.711   CPU_ReadMem(4 bytes @ 0x400E0A08)
T1C2C 644:888.042   Data:  00 00 00 00
T1C2C 644:888.082 - 0.390ms returns 0
T1B04 644:888.098 JLINK_GetMOEs(...)
T1B04 644:888.105   CPU_ReadMem(4 bytes @ 0xE000ED30)
T1B04 644:888.380 - 0.285ms returns 0x01
T1B04 644:888.389 JLINK_ReadReg(R15 (PC))
T1B04 644:888.395 - 0.008ms returns 0x00400F60
T1C2C 644:904.114 JLINK_ReadMemHW(0x400E0A08, 0x0004 Bytes, ...)
T1C2C 644:904.175   CPU_ReadMem(4 bytes @ 0x400E0A08)
T1C2C 644:904.495   Data:  00 00 00 00
T1C2C 644:904.513 - 0.402ms returns 0
T1C2C 644:971.375 JLINK_ReadMemHW(0x400E0A08, 0x0004 Bytes, ...)
T1C2C 644:971.425   CPU_ReadMem(4 bytes @ 0x400E0A08)
T1C2C 644:971.755   Data:  00 00 00 00
T1C2C 644:971.775 - 0.402ms returns 0
T1B04 645:088.461 JLINK_IsHalted()
T1B04 645:088.488 - 0.029ms returns TRUE
T1C2C 645:229.351 JLINK_ReadMemHW(0x400E0A08, 0x0004 Bytes, ...)
T1C2C 645:229.387   CPU_ReadMem(4 bytes @ 0x400E0A08)
T1C2C 645:229.771   Data:  00 00 00 00
T1C2C 645:229.784 - 0.435ms returns 0
T1B04 645:288.790 JLINK_IsHalted()
T1B04 645:288.811 - 0.023ms returns TRUE
T1B04 645:489.591 JLINK_IsHalted()
T1B04 645:490.154 - 0.573ms returns TRUE
T1B04 645:690.530 JLINK_IsHalted()
T1B04 645:690.556 - 0.028ms returns TRUE
T1B04 645:891.333 JLINK_IsHalted()
T1B04 645:891.358 - 0.026ms returns TRUE
T1B04 646:092.497 JLINK_IsHalted()
T1B04 646:092.974 - 0.486ms returns TRUE
T1C2C 646:230.258 JLINK_ReadMemHW(0x400E0A08, 0x0004 Bytes, ...)
T1C2C 646:230.296   CPU_ReadMem(4 bytes @ 0x400E0A08)
T1C2C 646:230.869   Data:  00 00 00 00
T1C2C 646:230.882 - 0.625ms returns 0
T1C2C 646:231.516 JLINK_ReadMemHW(0x400E0A08, 0x0004 Bytes, ...)
T1C2C 646:231.537   CPU_ReadMem(4 bytes @ 0x400E0A08)
T1C2C 646:231.869   Data:  00 00 00 00
T1C2C 646:231.904 - 0.390ms returns 0
T1C2C 646:233.265 JLINK_ReadMemHW(0x400E0A08, 0x0004 Bytes, ...)
T1C2C 646:233.282   CPU_ReadMem(4 bytes @ 0x400E0A08)
T1C2C 646:233.833   Data:  00 00 00 00
T1C2C 646:233.847 - 0.583ms returns 0
T1C2C 646:237.990 JLINK_ReadMemHW(0x400E0A08, 0x0004 Bytes, ...)
T1C2C 646:238.006   CPU_ReadMem(4 bytes @ 0x400E0A08)
T1C2C 646:238.265   Data:  00 00 00 00
T1C2C 646:238.278 - 0.289ms returns 0
T1C2C 646:255.311 JLINK_ReadMemHW(0x400E0A08, 0x0004 Bytes, ...)
T1C2C 646:255.345   CPU_ReadMem(4 bytes @ 0x400E0A08)
T1C2C 646:255.709   Data:  00 00 00 00
T1C2C 646:255.722 - 0.413ms returns 0
T1B04 646:293.250 JLINK_IsHalted()
T1B04 646:293.277 - 0.028ms returns TRUE
T1C2C 646:321.630 JLINK_ReadMemHW(0x400E0A08, 0x0004 Bytes, ...)
T1C2C 646:321.664   CPU_ReadMem(4 bytes @ 0x400E0A08)
T1C2C 646:322.021   Data:  00 00 00 00
T1C2C 646:322.038 - 0.409ms returns 0
T1B04 646:495.329 JLINK_IsHalted()
T1B04 646:495.355 - 0.028ms returns TRUE
T1C2C 646:580.405 JLINK_ReadMemHW(0x400E0A08, 0x0004 Bytes, ...)
T1C2C 646:580.441   CPU_ReadMem(4 bytes @ 0x400E0A08)
T1C2C 646:580.714   Data:  00 00 00 00
T1C2C 646:580.722 - 0.318ms returns 0
T1B04 646:697.245 JLINK_IsHalted()
T1B04 646:697.589 - 0.356ms returns TRUE
T1B04 646:899.418 JLINK_IsHalted()
T1B04 646:899.587 - 0.171ms returns TRUE
T1B04 647:100.122 JLINK_IsHalted()
T1B04 647:100.152 - 0.031ms returns TRUE
T1B04 647:301.685 JLINK_IsHalted()
T1B04 647:301.981 - 0.303ms returns TRUE
T1B04 647:504.631 JLINK_IsHalted()
T1B04 647:504.659 - 0.030ms returns TRUE
T1C2C 647:580.540 JLINK_ReadMemHW(0x400E0A08, 0x0004 Bytes, ...)
T1C2C 647:580.570   CPU_ReadMem(4 bytes @ 0x400E0A08)
T1C2C 647:580.985   Data:  00 00 00 00
T1C2C 647:580.999 - 0.460ms returns 0
T1C2C 647:582.174 JLINK_ReadMemHW(0x400E0A08, 0x0004 Bytes, ...)
T1C2C 647:582.182   CPU_ReadMem(4 bytes @ 0x400E0A08)
T1C2C 647:582.455   Data:  00 00 00 00
T1C2C 647:582.463 - 0.291ms returns 0
T1C2C 647:585.238 JLINK_ReadMemHW(0x400E0A08, 0x0004 Bytes, ...)
T1C2C 647:585.253   CPU_ReadMem(4 bytes @ 0x400E0A08)
T1C2C 647:585.738   Data:  00 00 00 00
T1C2C 647:585.751 - 0.515ms returns 0
T1C2C 647:589.635 JLINK_ReadMemHW(0x400E0A08, 0x0004 Bytes, ...)
T1C2C 647:589.650   CPU_ReadMem(4 bytes @ 0x400E0A08)
T1C2C 647:590.022   Data:  00 00 00 00
T1C2C 647:590.035 - 0.402ms returns 0
T1C2C 647:606.782 JLINK_ReadMemHW(0x400E0A08, 0x0004 Bytes, ...)
T1C2C 647:606.800   CPU_ReadMem(4 bytes @ 0x400E0A08)
T1C2C 647:607.202   Data:  00 00 00 00
T1C2C 647:607.214 - 0.433ms returns 0
T1C2C 647:673.248 JLINK_ReadMemHW(0x400E0A08, 0x0004 Bytes, ...)
T1C2C 647:673.281   CPU_ReadMem(4 bytes @ 0x400E0A08)
T1C2C 647:673.724   Data:  00 00 00 00
T1C2C 647:673.738 - 0.492ms returns 0
T1B04 647:710.984 JLINK_IsHalted()
T1B04 647:711.008 - 0.025ms returns TRUE
T1B04 647:911.051 JLINK_IsHalted()
T1B04 647:911.552 - 0.510ms returns TRUE
T1C2C 647:932.183 JLINK_ReadMemHW(0x400E0A08, 0x0004 Bytes, ...)
T1C2C 647:932.204   CPU_ReadMem(4 bytes @ 0x400E0A08)
T1C2C 647:932.597   Data:  00 00 00 00
T1C2C 647:932.609 - 0.428ms returns 0
T1B04 648:117.212 JLINK_IsHalted()
T1B04 648:117.238 - 0.027ms returns TRUE
T1B04 648:319.446 JLINK_IsHalted()
T1B04 648:319.472 - 0.027ms returns TRUE
T1B04 648:521.839 JLINK_IsHalted()
T1B04 648:522.326 - 0.496ms returns TRUE
T1B04 648:726.871 JLINK_IsHalted()
T1B04 648:726.897 - 0.027ms returns TRUE
T1B04 648:931.630 JLINK_IsHalted()
T1B04 648:931.655 - 0.027ms returns TRUE
T1C2C 648:934.654 JLINK_ReadMemHW(0x400E0A08, 0x0004 Bytes, ...)
T1C2C 648:934.674   CPU_ReadMem(4 bytes @ 0x400E0A08)
T1C2C 648:935.090   Data:  00 00 00 00
T1C2C 648:935.102 - 0.450ms returns 0
T1C2C 648:935.578 JLINK_ReadMemHW(0x400E0A08, 0x0004 Bytes, ...)
T1C2C 648:935.596   CPU_ReadMem(4 bytes @ 0x400E0A08)
T1C2C 648:935.860   Data:  00 00 00 00
T1C2C 648:935.871 - 0.294ms returns 0
T1C2C 648:941.805 JLINK_ReadMemHW(0x400E0A08, 0x0004 Bytes, ...)
T1C2C 648:941.838   CPU_ReadMem(4 bytes @ 0x400E0A08)
T1C2C 648:942.207   Data:  00 00 00 00
T1C2C 648:942.220 - 0.417ms returns 0
T1C2C 648:947.469 JLINK_ReadMemHW(0x400E0A08, 0x0004 Bytes, ...)
T1C2C 648:947.486   CPU_ReadMem(4 bytes @ 0x400E0A08)
T1C2C 648:947.894   Data:  00 00 00 00
T1C2C 648:947.907 - 0.439ms returns 0
T1C2C 648:966.305 JLINK_ReadMemHW(0x400E0A08, 0x0004 Bytes, ...)
T1C2C 648:966.331   CPU_ReadMem(4 bytes @ 0x400E0A08)
T1C2C 648:966.751   Data:  00 00 00 00
T1C2C 648:966.764 - 0.460ms returns 0
T1C2C 649:038.144 JLINK_ReadMemHW(0x400E0A08, 0x0004 Bytes, ...)
T1C2C 649:038.178   CPU_ReadMem(4 bytes @ 0x400E0A08)
T1C2C 649:038.579   Data:  00 00 00 00
T1C2C 649:038.592 - 0.450ms returns 0
T1B04 649:133.541 JLINK_IsHalted()
T1B04 649:133.896 - 0.364ms returns TRUE
T1C2C 649:296.199 JLINK_ReadMemHW(0x400E0A08, 0x0004 Bytes, ...)
T1C2C 649:296.235   CPU_ReadMem(4 bytes @ 0x400E0A08)
T1C2C 649:296.624   Data:  00 00 00 00
T1C2C 649:296.637 - 0.440ms returns 0
T1B04 649:335.511 JLINK_IsHalted()
T1B04 649:335.542 - 0.032ms returns TRUE
T1B04 649:535.605 JLINK_IsHalted()
T1B04 649:535.627 - 0.024ms returns TRUE
T1B04 649:736.107 JLINK_IsHalted()
T1B04 649:736.610 - 0.513ms returns TRUE
T1B04 649:938.022 JLINK_IsHalted()
T1B04 649:938.046 - 0.026ms returns TRUE
T1B04 650:138.610 JLINK_IsHalted()
T1B04 650:138.635 - 0.027ms returns TRUE
T1C2C 650:298.610 JLINK_ReadMemHW(0x400E0A08, 0x0004 Bytes, ...)
T1C2C 650:298.650   CPU_ReadMem(4 bytes @ 0x400E0A08)
T1C2C 650:299.149   Data:  01 00 00 00
T1C2C 650:299.162 - 0.554ms returns 0
T1B04 650:339.046 JLINK_IsHalted()
T1B04 650:339.544 - 0.531ms returns TRUE
T1C2C 650:340.530 JLINK_ResetPullsRESET(ON)
T1C2C 650:340.537 - 0.009ms
T1C2C 650:340.543 JLINK_ResetNoHalt()
T1C2C 650:341.594   Found SW-DP with ID 0x2BA01477
T1C2C 650:343.892   DPIDR: 0x2BA01477
T1C2C 650:343.948   AP map detection skipped. Manually configured AP map found.
T1C2C 650:343.979   AP[0]: AHB-AP (IDR: Not set)
T1C2C 650:344.798   AP[0]: Core found
T1C2C 650:344.808   AP[0]: AHB-AP ROM base: 0xE00FF000
T1C2C 650:345.218   CPUID register: 0x410FC241. Implementer code: 0x41 (ARM)
T1C2C 650:345.365   Found Cortex-M4 r0p1, Little endian.
T1C2C 650:446.459   -- Max. mem block: 0x00002A10
T1C2C 650:446.488   CPU_ReadMem(4 bytes @ 0xE000EDF0)
T1C2C 650:446.879   CPU_ReadMem(4 bytes @ 0xE0002000)
T1C2C 650:448.183   FPUnit: 6 code (BP) slots and 2 literal slots
T1C2C 650:448.193   CPU_ReadMem(4 bytes @ 0xE000EDFC)
T1C2C 650:448.589   CPU_ReadMem(4 bytes @ 0xE0001000)
T1C2C 650:449.225   CPU_ReadMem(4 bytes @ 0xE000ED88)
T1C2C 650:449.611   CPU_WriteMem(4 bytes @ 0xE000ED88)
T1C2C 650:450.010   CPU_ReadMem(4 bytes @ 0xE000ED88)
T1C2C 650:450.426   CPU_WriteMem(4 bytes @ 0xE000ED88)
T1C2C 650:451.520   CoreSight components:
T1C2C 650:452.146   ROMTbl[0] @ E00FF000
T1C2C 650:452.154   CPU_ReadMem(64 bytes @ 0xE00FF000)
T1C2C 650:452.967   CPU_ReadMem(32 bytes @ 0xE000EFE0)
T1C2C 650:454.269   ROMTbl[0][0]: E000E000, CID: B105E00D, PID: 000BB000 SCS
T1C2C 650:454.278   CPU_WriteMem(4 bytes @ 0xE0001000)
T1C2C 650:454.790   CPU_ReadMem(32 bytes @ 0xE0001FE0)
T1C2C 650:456.315   ROMTbl[0][1]: E0001000, CID: B105E00D, PID: 003BB002 DWT
T1C2C 650:456.325   CPU_ReadMem(32 bytes @ 0xE0002FE0)
T1C2C 650:457.741   ROMTbl[0][2]: E0002000, CID: B105E00D, PID: 002BB003 FPB
T1C2C 650:457.752   CPU_ReadMem(32 bytes @ 0xE0000FE0)
T1C2C 650:459.046   ROMTbl[0][3]: E0000000, CID: B105E00D, PID: 003BB001 ITM
T1C2C 650:459.055   CPU_ReadMem(32 bytes @ 0xE0040FE0)
T1C2C 650:460.389   ROMTbl[0][4]: E0040000, CID: B105900D, PID: 000BB9A1 TPIU
T1C2C 650:460.404   JLINK_Reset()
T1C2C 650:460.412     CPU_ReadMem(16 bytes @ 0x20000000)
T1C2C 650:460.927     CPU_WriteMem(16 bytes @ 0x20000000)
T1C2C 650:461.489     CPU_ReadMem(4 bytes @ 0xE000EDFC)
T1C2C 650:461.870     CPU_WriteMem(4 bytes @ 0xE000EDFC)
T1C2C 650:462.286     CPU_ReadMem(4 bytes @ 0xE0001000)
T1C2C 650:462.793     CPU_WriteMem(4 bytes @ 0xE0001004)
T1C2C 650:477.865     CPU_WriteMem(4 bytes @ 0xE000EDFC)
T1C2C 650:478.363     CPU_WriteMem(16 bytes @ 0x20000000)
T1C2C 650:482.263     CPU_WriteMem(4 bytes @ 0xE0002000)
T1C2C 650:482.670     CPU_ReadMem(4 bytes @ 0xE000EDFC)
T1C2C 650:483.069     CPU_ReadMem(4 bytes @ 0xE0001000)
T1C2C 650:483.344   - 22.949ms
T1C2C 650:483.359   JLINK_Go()
T1C2C 650:483.366     CPU_ReadMem(4 bytes @ 0xE0001000)
T1C2C 650:483.754     CPU_WriteMem(4 bytes @ 0xE0001004)
T1C2C 650:484.473   - 1.123ms
T1C2C 650:484.484 - 143.943ms
T1C2C 650:497.620 JLINK_Close()
T1C2C 650:511.128 - 13.526ms
T1C2C 650:511.149   
T1C2C 650:511.153   Closed
